build/app/outputs/mapping/release/seeds.txt
androidx.window.layout.WindowInfoTracker
androidx.window.embedding.SplitRule
io.flutter.plugin.platform.SingleViewPresentation
io.flutter.embedding.engine.renderer.SurfaceTextureWrapper
androidx.activity.ComponentActivity$2
io.flutter.embedding.engine.FlutterOverlaySurface
androidx.window.embedding.ActivityRule
androidx.window.java.layout.WindowInfoTrackerCallbackAdapter$addListener$1$1
kotlinx.coroutines.android.AndroidDispatcherFactory
androidx.window.core.ExperimentalWindowApi
androidx.window.embedding.ExtensionEmbeddingBackend$SplitListenerWrapper
androidx.versionedparcelable.ParcelImpl
androidx.window.R$attr
androidx.window.layout.WindowMetricsCalculator$Companion$reset$1
androidx.window.layout.ActivityCompatHelperApi24
androidx.savedstate.SavedStateRegistry$1
io.flutter.plugin.editing.ImeSyncDeferringInsetsCallback
androidx.window.layout.SidecarAdapter$Companion
androidx.window.layout.WindowMetricsCalculatorCompat
androidx.window.layout.WindowInfoTrackerImpl
io.flutter.view.FlutterCallbackInformation
androidx.window.layout.WindowMetrics
androidx.window.layout.EmptyDecorator
androidx.window.java.layout.WindowInfoTrackerCallbackAdapter$addListener$1$1$invokeSuspend$$inlined$collect$1: androidx.core.util.Consumer $consumer$inlined
io.flutter.embedding.engine.FlutterOverlaySurface: android.view.Surface surface
kotlinx.coroutines.scheduling.CoroutineScheduler: long controlState
io.flutter.plugin.platform.SingleViewPresentation: boolean startFocused
io.flutter.embedding.engine.FlutterJNI: boolean initCalled
androidx.window.R$attr: int splitLayoutDirection
androidx.window.embedding.ExtensionEmbeddingBackend$SplitListenerWrapper: androidx.core.util.Consumer callback
io.flutter.embedding.engine.FlutterJNI: float refreshRateFPS
androidx.window.layout.FoldingFeature$OcclusionType: androidx.window.layout.FoldingFeature$OcclusionType NONE
kotlinx.coroutines.internal.ThreadSafeHeap: int _size
kotlinx.coroutines.channels.AbstractSendChannel: java.lang.Object onCloseHandler
androidx.window.R$attr: int secondaryActivityName
androidx.window.layout.SidecarWindowBackend: androidx.window.layout.SidecarWindowBackend globalInstance
androidx.window.layout.SidecarWindowBackend$WindowLayoutChangeCallbackWrapper: androidx.window.layout.WindowLayoutInfo lastInfo
androidx.window.layout.SidecarCompat$DistinctSidecarElementCallback: java.util.concurrent.locks.ReentrantLock lock
androidx.versionedparcelable.ParcelImpl: android.os.Parcelable$Creator CREATOR
androidx.window.embedding.ExtensionEmbeddingBackend: java.util.concurrent.CopyOnWriteArraySet splitRules
kotlinx.coroutines.scheduling.CoroutineScheduler: long parkedWorkersStack
io.flutter.view.AccessibilityViewEmbedder: java.lang.String TAG
kotlin.jvm.internal.FunctionReference: int flags
androidx.window.embedding.SplitRule: int layoutDirection
kotlinx.coroutines.scheduling.CoroutineScheduler$Worker: java.lang.Object nextParkedWorker
androidx.window.embedding.SplitRule$Api30Impl: androidx.window.embedding.SplitRule$Api30Impl INSTANCE
androidx.window.layout.SidecarAdapter: androidx.window.layout.SidecarAdapter$Companion Companion
androidx.window.layout.HardwareFoldingFeature: androidx.window.layout.HardwareFoldingFeature$Companion Companion
androidx.window.layout.SidecarCompat: androidx.window.layout.SidecarAdapter sidecarAdapter
io.flutter.embedding.engine.renderer.SurfaceTextureWrapper: boolean attached
kotlinx.coroutines.scheduling.WorkQueue: int consumerIndex
io.flutter.embedding.engine.renderer.SurfaceTextureWrapper: boolean released
io.flutter.embedding.engine.FlutterJNI: io.flutter.plugin.platform.PlatformViewsController platformViewsController
androidx.window.layout.HardwareFoldingFeature: androidx.window.core.Bounds featureBounds
androidx.window.layout.WindowInfoTrackerImpl: androidx.window.layout.WindowBackend windowBackend
androidx.window.core.Bounds: int left
androidx.window.layout.FoldingFeature$State: java.lang.String description