build/app/outputs/mapping/release/mapping.txt
# compiler: R8
# compiler_version: 3.2.47
# min_api: 16
# common_typos_disable
# {"id":"com.android.tools.r8.mapping","version":"2.0"}
# pg_map_id: 35eb2c1
# pg_map_hash: SHA-256 35eb2c1c2e23b75a59d5efc502c9bf1e837a0b1f5afdc36cbe82783ce2b1fd53
...
kotlinx.coroutines.CancellableContinuationImplKt -> u0.m:
    kotlinx.coroutines.internal.Symbol RESUME_TOKEN -> a
kotlinx.coroutines.CancellableContinuationKt -> u0.n:
    kotlinx.coroutines.CancellableContinuationImpl getOrCreateCancellableContinuation(kotlin.coroutines.Continuation) -> a
kotlinx.coroutines.CancelledContinuation -> u0.o:
    java.util.concurrent.atomic.AtomicIntegerFieldUpdater _resumed$FU -> c
    boolean makeResumed() -> c
kotlinx.coroutines.ChildContinuation -> u0.p:
    kotlinx.coroutines.CancellableContinuationImpl child -> h
    void invoke(java.lang.Throwable) -> y
kotlinx.coroutines.ChildHandle -> u0.q:
    boolean childCancelled(java.lang.Throwable) -> g
kotlinx.coroutines.ChildHandleNode -> u0.r:
    kotlinx.coroutines.ChildJob childJob -> h
    boolean childCancelled(java.lang.Throwable) -> g
    void invoke(java.lang.Throwable) -> y
kotlinx.coroutines.ChildJob -> u0.s:
    void parentCancelled(kotlinx.coroutines.ParentJob) -> h
kotlinx.coroutines.CommonPool -> u0.v:
    kotlinx.coroutines.CommonPool INSTANCE -> f
    int requestedParallelism -> g
    boolean usePrivatePool -> h
    void dispatch(kotlin.coroutines.CoroutineContext,java.lang.Runnable) -> m
    void $r8$lambda$36bgNy4lLwRHCWOZ-fm6LcwyUbo() -> q
      # {"id":"com.android.tools.r8.synthesized"}
    java.lang.Thread $r8$lambda$ERvPtt6BNpepqyLHHf5J6mHx7SQ(java.util.concurrent.atomic.AtomicInteger,java.lang.Runnable) -> r
      # {"id":"com.android.tools.r8.synthesized"}
    java.util.concurrent.ExecutorService createPlainPool() -> s
    java.lang.Thread createPlainPool$lambda-12(java.util.concurrent.atomic.AtomicInteger,java.lang.Runnable) -> t
    java.util.concurrent.ExecutorService createPool() -> u
    java.util.concurrent.Executor getOrCreatePoolSync() -> v
    int getParallelism() -> w
    boolean isGoodCommonPool$kotlinx_coroutines_core(java.lang.Class,java.util.concurrent.ExecutorService) -> x
    void isGoodCommonPool$lambda-9() -> y
kotlinx.coroutines.CompletableJob -> u0.w:
kotlinx.coroutines.CompletedContinuation -> u0.x:
    kotlinx.coroutines.CancelHandler cancelHandler -> b
    java.lang.Object idempotentResume -> d
    java.lang.Object result -> a
    java.lang.Throwable cancelCause -> e
    kotlin.jvm.functions.Function1 onCancellation -> c
    kotlinx.coroutines.CompletedContinuation copy(java.lang.Object,kotlinx.coroutines.CancelHandler,kotlin.jvm.functions.Function1,java.lang.Object,java.lang.Throwable) -> a
    kotlinx.coroutines.CompletedContinuation copy$default(kotlinx.coroutines.CompletedContinuation,java.lang.Object,kotlinx.coroutines.CancelHandler,kotlin.jvm.functions.Function1,java.lang.Object,java.lang.Throwable,int,java.lang.Object) -> b
    boolean getCancelled() -> c
    void invokeHandlers(kotlinx.coroutines.CancellableContinuationImpl,java.lang.Throwable) -> d
kotlinx.coroutines.CompletedExceptionally -> u0.y:
    java.util.concurrent.atomic.AtomicIntegerFieldUpdater _handled$FU -> b
    java.lang.Throwable cause -> a
    boolean getHandled() -> a
    boolean makeHandled() -> b
kotlinx.coroutines.CompletedWithCancellation -> u0.z:
    java.lang.Object result -> a
    kotlin.jvm.functions.Function1 onCancellation -> b
kotlinx.coroutines.CompletionHandlerBase -> u0.a0:
    void invoke(java.lang.Throwable) -> y
kotlinx.coroutines.CompletionHandlerException -> u0.b0:
kotlinx.coroutines.CompletionStateKt -> u0.c0:
    java.lang.Object recoverResult(java.lang.Object,kotlin.coroutines.Continuation) -> a
    java.lang.Object toState(java.lang.Object,kotlin.jvm.functions.Function1) -> b
    java.lang.Object toState(java.lang.Object,kotlinx.coroutines.CancellableContinuation) -> c
    java.lang.Object toState$default(java.lang.Object,kotlin.jvm.functions.Function1,int,java.lang.Object) -> d